[0;34m[INFO] Starting project setup...[0m
[0;34m[INFO] Checking for virtual environment...[0m
[0;34m[INFO] Creating new virtual environment...[0m
[0;32m[SUCCESS] Virtual environment created.[0m
[0;32m[SUCCESS] Virtual environment activated.[0m
[0;34m[INFO] Upgrading pip...[0m
Requirement already satisfied: pip in ./.venv/lib/python3.10/site-packages (22.0.2)
Collecting pip
  Downloading pip-26.0.1-py3-none-any.whl (1.8 MB)
     ━━━━━━━━━━━━━━━━━━━━━━━━━━━━━━━━━━━━━━━━ 1.8/1.8 MB 981.5 kB/s eta 0:00:00
Installing collected packages: pip
  Attempting uninstall: pip
    Found existing installation: pip 22.0.2
    Uninstalling pip-22.0.2:
      Successfully uninstalled pip-22.0.2
Successfully installed pip-26.0.1
[0;32m[SUCCESS] pip upgraded successfully.[0m
[0;34m[INFO] Checking for .gitignore...[0m
[0;32m[SUCCESS] .gitignore created.[0m
[0;34m[INFO] Installing required Python packages...[0m
Collecting pandas
  Downloading pandas-2.3.3-cp310-cp310-manylinux_2_24_x86_64.manylinux_2_28_x86_64.whl.metadata (91 kB)
Collecting requests
  Downloading requests-2.32.5-py3-none-any.whl.metadata (4.9 kB)
Collecting numpy>=1.22.4 (from pandas)
  Downloading numpy-2.2.6-cp310-cp310-manylinux_2_17_x86_64.manylinux2014_x86_64.whl.metadata (62 kB)
Collecting python-dateutil>=2.8.2 (from pandas)
  Downloading python_dateutil-2.9.0.post0-py2.py3-none-any.whl.metadata (8.4 kB)
Collecting pytz>=2020.1 (from pandas)
  Downloading pytz-2025.2-py2.py3-none-any.whl.metadata (22 kB)
Collecting tzdata>=2022.7 (from pandas)
  Downloading tzdata-2025.3-py2.py3-none-any.whl.metadata (1.4 kB)
Collecting charset_normalizer<4,>=2 (from requests)
  Downloading charset_normalizer-3.4.4-cp310-cp310-manylinux2014_x86_64.manylinux_2_17_x86_64.manylinux_2_28_x86_64.whl.metadata (37 kB)
Collecting idna<4,>=2.5 (from requests)
  Downloading idna-3.11-py3-none-any.whl.metadata (8.4 kB)
Collecting urllib3<3,>=1.21.1 (from requests)
  Downloading urllib3-2.6.3-py3-none-any.whl.metadata (6.9 kB)
Collecting certifi>=2017.4.17 (from requests)
  Downloading certifi-2026.2.25-py3-none-any.whl.metadata (2.5 kB)
Collecting six>=1.5 (from python-dateutil>=2.8.2->pandas)
  Downloading six-1.17.0-py2.py3-none-any.whl.metadata (1.7 kB)
Downloading pandas-2.3.3-cp310-cp310-manylinux_2_24_x86_64.manylinux_2_28_x86_64.whl (12.8 MB)
   ━━━━━━━━━━━━━━━━━━━━━━━━━━━━━━━━━━━━━━━━ 12.8/12.8 MB 860.3 kB/s  0:00:15
Downloading requests-2.32.5-py3-none-any.whl (64 kB)
Downloading charset_normalizer-3.4.4-cp310-cp310-manylinux2014_x86_64.manylinux_2_17_x86_64.manylinux_2_28_x86_64.whl (153 kB)
Downloading idna-3.11-py3-none-any.whl (71 kB)
Downloading urllib3-2.6.3-py3-none-any.whl (131 kB)
Downloading certifi-2026.2.25-py3-none-any.whl (153 kB)
Downloading numpy-2.2.6-cp310-cp310-manylinux_2_17_x86_64.manylinux2014_x86_64.whl (16.8 MB)
   ━━━━━━━━━━━━━━━━━━━━━━━━━━━━━━━━━━━━━━━━ 16.8/16.8 MB 746.0 kB/s  0:00:22
Downloading python_dateutil-2.9.0.post0-py2.py3-none-any.whl (229 kB)
Downloading pytz-2025.2-py2.py3-none-any.whl (509 kB)
Downloading six-1.17.0-py2.py3-none-any.whl (11 kB)
Downloading tzdata-2025.3-py2.py3-none-any.whl (348 kB)
Installing collected packages: pytz, urllib3, tzdata, six, numpy, idna, charset_normalizer, certifi, requests, python-dateutil, pandas

Successfully installed certifi-2026.2.25 charset_normalizer-3.4.4 idna-3.11 numpy-2.2.6 pandas-2.3.3 python-dateutil-2.9.0.post0 pytz-2025.2 requests-2.32.5 six-1.17.0 tzdata-2025.3 urllib3-2.6.3
[0;32m[SUCCESS] Packages installed successfully.[0m
[0;32m[SUCCESS] Project setup completed successfully![0m
[0;34m[INFO] Starting project setup...[0m
[0;34m[INFO] Checking for virtual environment...[0m
[1;33m[WARNING] Virtual environment already exists. Activating...[0m
[0;32m[SUCCESS] Virtual environment activated.[0m
[0;34m[INFO] Upgrading pip...[0m
Requirement already satisfied: pip in ./.venv/lib/python3.10/site-packages (26.0.1)
[0;32m[SUCCESS] pip upgraded successfully.[0m
[0;34m[INFO] Checking for .gitignore...[0m
[1;33m[WARNING] .gitignore already exists. Skipping creation.[0m
[0;34m[INFO] Installing required Python packages...[0m
Requirement already satisfied: pandas in ./.venv/lib/python3.10/site-packages (2.3.3)
Requirement already satisfied: requests in ./.venv/lib/python3.10/site-packages (2.32.5)
Requirement already satisfied: numpy>=1.22.4 in ./.venv/lib/python3.10/site-packages (from pandas) (2.2.6)
Requirement already satisfied: python-dateutil>=2.8.2 in ./.venv/lib/python3.10/site-packages (from pandas) (2.9.0.post0)
Requirement already satisfied: pytz>=2020.1 in ./.venv/lib/python3.10/site-packages (from pandas) (2025.2)
Requirement already satisfied: tzdata>=2022.7 in ./.venv/lib/python3.10/site-packages (from pandas) (2025.3)
Requirement already satisfied: charset_normalizer<4,>=2 in ./.venv/lib/python3.10/site-packages (from requests) (3.4.4)
Requirement already satisfied: idna<4,>=2.5 in ./.venv/lib/python3.10/site-packages (from requests) (3.11)
Requirement already satisfied: urllib3<3,>=1.21.1 in ./.venv/lib/python3.10/site-packages (from requests) (2.6.3)
Requirement already satisfied: certifi>=2017.4.17 in ./.venv/lib/python3.10/site-packages (from requests) (2026.2.25)
Requirement already satisfied: six>=1.5 in ./.venv/lib/python3.10/site-packages (from python-dateutil>=2.8.2->pandas) (1.17.0)
[0;32m[SUCCESS] Packages installed successfully.[0m
[0;32m[SUCCESS] Project setup completed successfully![0m
[0;34m[INFO] Starting project setup...[0m
[0;34m[INFO] Checking for virtual environment...[0m
[1;33m[WARNING] Virtual environment already exists. Activating...[0m
[0;32m[SUCCESS] Virtual environment activated.[0m
[0;34m[INFO] Upgrading pip...[0m
Requirement already satisfied: pip in ./.venv/lib/python3.10/site-packages (26.0.1)
[0;32m[SUCCESS] pip upgraded successfully.[0m
[0;34m[INFO] Checking for .gitignore...[0m
[1;33m[WARNING] .gitignore already exists. Skipping creation.[0m
[0;34m[INFO] Installing required Python packages...[0m
Requirement already satisfied: pandas in ./.venv/lib/python3.10/site-packages (2.3.3)
Requirement already satisfied: requests in ./.venv/lib/python3.10/site-packages (2.32.5)
Requirement already satisfied: numpy>=1.22.4 in ./.venv/lib/python3.10/site-packages (from pandas) (2.2.6)
Requirement already satisfied: python-dateutil>=2.8.2 in ./.venv/lib/python3.10/site-packages (from pandas) (2.9.0.post0)
Requirement already satisfied: pytz>=2020.1 in ./.venv/lib/python3.10/site-packages (from pandas) (2025.2)
Requirement already satisfied: tzdata>=2022.7 in ./.venv/lib/python3.10/site-packages (from pandas) (2025.3)
Requirement already satisfied: charset_normalizer<4,>=2 in ./.venv/lib/python3.10/site-packages (from requests) (3.4.4)
Requirement already satisfied: idna<4,>=2.5 in ./.venv/lib/python3.10/site-packages (from requests) (3.11)
Requirement already satisfied: urllib3<3,>=1.21.1 in ./.venv/lib/python3.10/site-packages (from requests) (2.6.3)
Requirement already satisfied: certifi>=2017.4.17 in ./.venv/lib/python3.10/site-packages (from requests) (2026.2.25)
Requirement already satisfied: six>=1.5 in ./.venv/lib/python3.10/site-packages (from python-dateutil>=2.8.2->pandas) (1.17.0)
[0;32m[SUCCESS] Packages installed successfully.[0m
[0;32m[SUCCESS] Project setup completed successfully![0m
